11:30:32.490 INFO --- [restartedMain] com.test.example.demo.DemoApplication : Starting DemoApplication on Munal-PC with PID 9931 (/home/munal/Documents/springboot-demoapp/target/classes started by munal in /home/munal/Documents/springboot-demoapp)
11:30:32.500 INFO --- [restartedMain] com.test.example.demo.DemoApplication : The following profiles are active: enable-swagger
11:30:32.592 INFO --- [restartedMain] org.springframework.boot.web.servlet.context.AnnotationConfigServletWebServerApplicationContext : Refreshing org.springframework.boot.web.servlet.context.AnnotationConfigServletWebServerApplicationContext@46dc4d00: startup date [Tue Aug 21 11:30:32 NPT 2018]; root of context hierarchy
11:30:35.112 INFO --- [restartedMain] org.springframework.context.support.PostProcessorRegistrationDelegate$BeanPostProcessorChecker : Bean 'org.springframework.transaction.annotation.ProxyTransactionManagementConfiguration' of type [org.springframework.transaction.annotation.ProxyTransactionManagementConfiguration$$EnhancerBySpringCGLIB$$65f0f683] is not eligible for getting processed by all BeanPostProcessors (for example: not eligible for auto-proxying)
11:30:35.375 INFO --- [restartedMain] org.springframework.context.support.PostProcessorRegistrationDelegate$BeanPostProcessorChecker : Bean 'org.springframework.hateoas.config.HateoasConfiguration' of type [org.springframework.hateoas.config.HateoasConfiguration$$EnhancerBySpringCGLIB$$e57143b5] is not eligible for getting processed by all BeanPostProcessors (for example: not eligible for auto-proxying)
11:30:36.325 INFO --- [restartedMain] org.springframework.boot.web.embedded.tomcat.TomcatWebServer : Tomcat initialized with port(s): 8088 (http)
11:30:36.344 INFO --- [restartedMain] org.apache.coyote.http11.Http11NioProtocol : Initializing ProtocolHandler ["http-nio-8088"]
11:30:36.359 INFO --- [restartedMain] org.apache.catalina.core.StandardService : Starting service [Tomcat]
11:30:36.360 INFO --- [restartedMain] org.apache.catalina.core.StandardEngine : Starting Servlet Engine: Apache Tomcat/8.5.32
11:30:36.374 INFO --- [localhost-startStop-1] org.apache.catalina.core.AprLifecycleListener : The APR based Apache Tomcat Native library which allows optimal performance in production environments was not found on the java.library.path: [/usr/java/packages/lib/amd64:/usr/lib64:/lib64:/lib:/usr/lib]
11:30:36.506 INFO --- [localhost-startStop-1] org.apache.catalina.core.ContainerBase.[Tomcat].[localhost].[/demo] : Initializing Spring embedded WebApplicationContext
11:30:36.507 INFO --- [localhost-startStop-1] org.springframework.web.context.ContextLoader : Root WebApplicationContext: initialization completed in 3916 ms
11:30:36.552 INFO --- [localhost-startStop-1] org.springframework.boot.web.servlet.ServletRegistrationBean : Servlet dispatcherServlet mapped to [/]
11:30:36.557 INFO --- [localhost-startStop-1] org.springframework.boot.web.servlet.FilterRegistrationBean : Mapping filter: 'characterEncodingFilter' to: [/*]
11:30:36.558 INFO --- [localhost-startStop-1] org.springframework.boot.web.servlet.FilterRegistrationBean : Mapping filter: 'demoFilter' to: [/*]
11:30:36.856 INFO --- [restartedMain] org.springframework.orm.jpa.LocalContainerEntityManagerFactoryBean : Building JPA container EntityManagerFactory for persistence unit 'default'
11:30:36.878 INFO --- [restartedMain] org.hibernate.jpa.internal.util.LogHelper : HHH000204: Processing PersistenceUnitInfo [
	name: default
	...]
11:30:36.954 INFO --- [restartedMain] org.hibernate.Version : HHH000412: Hibernate Core {5.2.17.Final}
11:30:36.956 INFO --- [restartedMain] org.hibernate.cfg.Environment : HHH000206: hibernate.properties not found
11:30:37.009 INFO --- [restartedMain] org.hibernate.annotations.common.Version : HCANN000001: Hibernate Commons Annotations {5.0.1.Final}
11:30:37.204 INFO --- [restartedMain] com.zaxxer.hikari.HikariDataSource : HikariPool-1 - Starting...
11:30:37.441 INFO --- [restartedMain] com.zaxxer.hikari.HikariDataSource : HikariPool-1 - Start completed.
11:30:37.455 INFO --- [restartedMain] org.hibernate.dialect.Dialect : HHH000400: Using dialect: org.hibernate.dialect.MySQL5Dialect
11:30:37.872 INFO --- [restartedMain] org.springframework.orm.jpa.LocalContainerEntityManagerFactoryBean : Initialized JPA EntityManagerFactory for persistence unit 'default'
11:30:38.358 INFO --- [restartedMain] org.springframework.aop.framework.CglibAopProxy : Method [java.util.List springfox.documentation.schema.property.OptimizedModelPropertiesProvider.candidateProperties(com.fasterxml.classmate.ResolvedType,com.fasterxml.jackson.databind.introspect.AnnotatedMember,com.fasterxml.jackson.databind.introspect.BeanPropertyDefinition,springfox.documentation.spi.schema.contexts.ModelContext)] is package-visible across different ClassLoaders and cannot get proxied via CGLIB: Declare this method as public or protected if you need to support invocations through the proxy.
11:30:38.622 INFO --- [restartedMain] org.springframework.web.servlet.mvc.method.annotation.RequestMappingHandlerMapping : Mapped "{[/v2/api-docs],methods=[GET]}" onto public org.springframework.http.ResponseEntity<springfox.documentation.spring.web.json.Json> springfox.documentation.swagger2.web.Swagger2Controller.getDocumentation(java.lang.String)
11:30:38.639 INFO --- [restartedMain] org.springframework.web.servlet.mvc.method.annotation.RequestMappingHandlerMapping : Mapped "{[/swagger-resources]}" onto org.springframework.http.ResponseEntity<java.util.List<springfox.documentation.swagger.web.SwaggerResource>> springfox.documentation.swagger.web.ApiResourceController.swaggerResources()
11:30:38.642 INFO --- [restartedMain] org.springframework.web.servlet.mvc.method.annotation.RequestMappingHandlerMapping : Mapped "{[/configuration/ui]}" onto org.springframework.http.ResponseEntity<springfox.documentation.swagger.web.UiConfiguration> springfox.documentation.swagger.web.ApiResourceController.uiConfiguration()
11:30:38.645 INFO --- [restartedMain] org.springframework.web.servlet.mvc.method.annotation.RequestMappingHandlerMapping : Mapped "{[/configuration/security]}" onto org.springframework.http.ResponseEntity<springfox.documentation.swagger.web.SecurityConfiguration> springfox.documentation.swagger.web.ApiResourceController.securityConfiguration()
11:30:38.656 INFO --- [restartedMain] org.springframework.web.servlet.mvc.method.annotation.RequestMappingHandlerMapping : Mapped "{[/error],produces=[text/html]}" onto public org.springframework.web.servlet.ModelAndView org.springframework.boot.autoconfigure.web.servlet.error.BasicErrorController.errorHtml(javax.servlet.http.HttpServletRequest,javax.servlet.http.HttpServletResponse)
11:30:38.659 INFO --- [restartedMain] org.springframework.web.servlet.mvc.method.annotation.RequestMappingHandlerMapping : Mapped "{[/error]}" onto public org.springframework.http.ResponseEntity<java.util.Map<java.lang.String, java.lang.Object>> org.springframework.boot.autoconfigure.web.servlet.error.BasicErrorController.error(javax.servlet.http.HttpServletRequest)
11:30:38.870 INFO --- [restartedMain] org.springframework.web.servlet.handler.SimpleUrlHandlerMapping : Mapped URL path [/**] onto handler of type [class org.springframework.web.servlet.resource.ResourceHttpRequestHandler]
11:30:38.870 INFO --- [restartedMain] org.springframework.web.servlet.handler.SimpleUrlHandlerMapping : Mapped URL path [/swagger-ui.html] onto handler of type [class org.springframework.web.servlet.resource.ResourceHttpRequestHandler]
11:30:38.871 INFO --- [restartedMain] org.springframework.web.servlet.handler.SimpleUrlHandlerMapping : Mapped URL path [/webjars/**] onto handler of type [class org.springframework.web.servlet.resource.ResourceHttpRequestHandler]
11:30:38.977 INFO --- [restartedMain] org.springframework.web.servlet.mvc.method.annotation.RequestMappingHandlerAdapter : Looking for @ControllerAdvice: org.springframework.boot.web.servlet.context.AnnotationConfigServletWebServerApplicationContext@46dc4d00: startup date [Tue Aug 21 11:30:32 NPT 2018]; root of context hierarchy
11:30:39.280 WARN --- [restartedMain] org.springframework.boot.autoconfigure.orm.jpa.JpaBaseConfiguration$JpaWebConfiguration$JpaWebMvcConfiguration : spring.jpa.open-in-view is enabled by default. Therefore, database queries may be performed during view rendering. Explicitly configure spring.jpa.open-in-view to disable this warning
11:30:39.968 WARN --- [restartedMain] org.springframework.boot.devtools.autoconfigure.OptionalLiveReloadServer : Unable to start LiveReload server
11:30:40.024 INFO --- [restartedMain] org.springframework.jmx.export.annotation.AnnotationMBeanExporter : Registering beans for JMX exposure on startup
11:30:40.028 INFO --- [restartedMain] org.springframework.jmx.export.annotation.AnnotationMBeanExporter : Bean with name 'dataSource' has been autodetected for JMX exposure
11:30:40.039 INFO --- [restartedMain] org.springframework.jmx.export.annotation.AnnotationMBeanExporter : Located MBean 'dataSource': registering with JMX server as MBean [com.zaxxer.hikari:name=dataSource,type=HikariDataSource]
11:30:40.070 INFO --- [restartedMain] springfox.documentation.spring.web.plugins.DocumentationPluginsBootstrapper : Context refreshed
11:30:40.094 INFO --- [restartedMain] springfox.documentation.spring.web.plugins.DocumentationPluginsBootstrapper : Found {0} custom documentation plugin(s)
11:30:40.105 INFO --- [restartedMain] springfox.documentation.spring.web.scanners.ApiListingReferenceScanner : Scanning for api listing references
11:30:40.126 INFO --- [restartedMain] org.apache.coyote.http11.Http11NioProtocol : Starting ProtocolHandler ["http-nio-8088"]
11:30:40.132 ERROR --- [restartedMain] org.apache.catalina.core.StandardService : Failed to start connector [Connector[HTTP/1.1-8088]]
org.apache.catalina.LifecycleException: Failed to start component [Connector[HTTP/1.1-8088]]
	at org.apache.catalina.util.LifecycleBase.start(LifecycleBase.java:167)
	at org.apache.catalina.core.StandardService.addConnector(StandardService.java:225)
	at org.springframework.boot.web.embedded.tomcat.TomcatWebServer.addPreviouslyRemovedConnectors(TomcatWebServer.java:256)
	at org.springframework.boot.web.embedded.tomcat.TomcatWebServer.start(TomcatWebServer.java:198)
	at org.springframework.boot.web.servlet.context.ServletWebServerApplicationContext.startWebServer(ServletWebServerApplicationContext.java:300)
	at org.springframework.boot.web.servlet.context.ServletWebServerApplicationContext.finishRefresh(ServletWebServerApplicationContext.java:162)
	at org.springframework.context.support.AbstractApplicationContext.refresh(AbstractApplicationContext.java:553)
	at org.springframework.boot.web.servlet.context.ServletWebServerApplicationContext.refresh(ServletWebServerApplicationContext.java:140)
	at org.springframework.boot.SpringApplication.refresh(SpringApplication.java:762)
	at org.springframework.boot.SpringApplication.refreshContext(SpringApplication.java:398)
	at org.springframework.boot.SpringApplication.run(SpringApplication.java:330)
	at org.springframework.boot.SpringApplication.run(SpringApplication.java:1258)
	at org.springframework.boot.SpringApplication.run(SpringApplication.java:1246)
	at com.test.example.demo.DemoApplication.main(DemoApplication.java:10)
	at sun.reflect.NativeMethodAccessorImpl.invoke0(Native Method)
	at sun.reflect.NativeMethodAccessorImpl.invoke(NativeMethodAccessorImpl.java:62)
	at sun.reflect.DelegatingMethodAccessorImpl.invoke(DelegatingMethodAccessorImpl.java:43)
	at java.lang.reflect.Method.invoke(Method.java:498)
	at org.springframework.boot.devtools.restart.RestartLauncher.run(RestartLauncher.java:49)
Caused by: org.apache.catalina.LifecycleException: Protocol handler start failed
	at org.apache.catalina.connector.Connector.startInternal(Connector.java:1020)
	at org.apache.catalina.util.LifecycleBase.start(LifecycleBase.java:150)
	... 18 common frames omitted
Caused by: java.net.BindException: Address already in use
	at sun.nio.ch.Net.bind0(Native Method)
	at sun.nio.ch.Net.bind(Net.java:433)
	at sun.nio.ch.Net.bind(Net.java:425)
	at sun.nio.ch.ServerSocketChannelImpl.bind(ServerSocketChannelImpl.java:223)
	at sun.nio.ch.ServerSocketAdaptor.bind(ServerSocketAdaptor.java:74)
	at org.apache.tomcat.util.net.NioEndpoint.bind(NioEndpoint.java:210)
	at org.apache.tomcat.util.net.AbstractEndpoint.start(AbstractEndpoint.java:1150)
	at org.apache.coyote.AbstractProtocol.start(AbstractProtocol.java:591)
	at org.apache.catalina.connector.Connector.startInternal(Connector.java:1018)
	... 19 common frames omitted
11:30:40.136 INFO --- [restartedMain] org.apache.coyote.http11.Http11NioProtocol : Pausing ProtocolHandler ["http-nio-8088"]
11:30:40.136 INFO --- [restartedMain] org.apache.catalina.core.StandardService : Stopping service [Tomcat]
11:30:40.149 INFO --- [restartedMain] org.apache.catalina.util.LifecycleBase : The stop() method was called on component [StandardServer[-1]] after stop() had already been called. The second call will be ignored.
11:30:40.150 INFO --- [restartedMain] org.apache.coyote.http11.Http11NioProtocol : Stopping ProtocolHandler ["http-nio-8088"]
11:30:40.150 INFO --- [restartedMain] org.apache.coyote.http11.Http11NioProtocol : Destroying ProtocolHandler ["http-nio-8088"]
11:30:40.160 INFO --- [restartedMain] org.springframework.boot.autoconfigure.logging.ConditionEvaluationReportLoggingListener : 

Error starting ApplicationContext. To display the conditions report re-run your application with 'debug' enabled.
11:30:40.162 ERROR --- [restartedMain] org.springframework.boot.diagnostics.LoggingFailureAnalysisReporter : 

***************************
APPLICATION FAILED TO START
***************************

Description:

The Tomcat connector configured to listen on port 8088 failed to start. The port may already be in use or the connector may be misconfigured.

Action:

Verify the connector's configuration, identify and stop any process that's listening on port 8088, or configure this application to listen on another port.

11:30:40.164 INFO --- [restartedMain] org.springframework.boot.web.servlet.context.AnnotationConfigServletWebServerApplicationContext : Closing org.springframework.boot.web.servlet.context.AnnotationConfigServletWebServerApplicationContext@46dc4d00: startup date [Tue Aug 21 11:30:32 NPT 2018]; root of context hierarchy
11:30:40.169 INFO --- [restartedMain] org.springframework.jmx.export.annotation.AnnotationMBeanExporter : Unregistering JMX-exposed beans on shutdown
11:30:40.170 INFO --- [restartedMain] org.springframework.jmx.export.annotation.AnnotationMBeanExporter : Unregistering JMX-exposed beans
11:30:40.172 INFO --- [restartedMain] org.springframework.orm.jpa.LocalContainerEntityManagerFactoryBean : Closing JPA EntityManagerFactory for persistence unit 'default'
11:30:40.174 INFO --- [restartedMain] com.zaxxer.hikari.HikariDataSource : HikariPool-1 - Shutdown initiated...
11:30:40.197 INFO --- [restartedMain] com.zaxxer.hikari.HikariDataSource : HikariPool-1 - Shutdown completed.
11:30:58.539 INFO --- [restartedMain] com.test.example.demo.DemoApplication : Starting DemoApplication on Munal-PC with PID 9985 (/home/munal/Documents/springboot-demoapp/target/classes started by munal in /home/munal/Documents/springboot-demoapp)
11:30:58.543 INFO --- [restartedMain] com.test.example.demo.DemoApplication : The following profiles are active: enable-swagger
11:30:58.662 INFO --- [restartedMain] org.springframework.boot.web.servlet.context.AnnotationConfigServletWebServerApplicationContext : Refreshing org.springframework.boot.web.servlet.context.AnnotationConfigServletWebServerApplicationContext@798e2229: startup date [Tue Aug 21 11:30:58 NPT 2018]; root of context hierarchy
11:31:01.180 INFO --- [restartedMain] org.springframework.context.support.PostProcessorRegistrationDelegate$BeanPostProcessorChecker : Bean 'org.springframework.transaction.annotation.ProxyTransactionManagementConfiguration' of type [org.springframework.transaction.annotation.ProxyTransactionManagementConfiguration$$EnhancerBySpringCGLIB$$bc7ebe0] is not eligible for getting processed by all BeanPostProcessors (for example: not eligible for auto-proxying)
11:31:01.439 INFO --- [restartedMain] org.springframework.context.support.PostProcessorRegistrationDelegate$BeanPostProcessorChecker : Bean 'org.springframework.hateoas.config.HateoasConfiguration' of type [org.springframework.hateoas.config.HateoasConfiguration$$EnhancerBySpringCGLIB$$8b483912] is not eligible for getting processed by all BeanPostProcessors (for example: not eligible for auto-proxying)
11:31:02.442 INFO --- [restartedMain] org.springframework.boot.web.embedded.tomcat.TomcatWebServer : Tomcat initialized with port(s): 8088 (http)
11:31:02.474 INFO --- [restartedMain] org.apache.coyote.http11.Http11NioProtocol : Initializing ProtocolHandler ["http-nio-8088"]
11:31:02.495 INFO --- [restartedMain] org.apache.catalina.core.StandardService : Starting service [Tomcat]
11:31:02.495 INFO --- [restartedMain] org.apache.catalina.core.StandardEngine : Starting Servlet Engine: Apache Tomcat/8.5.32
11:31:02.525 INFO --- [localhost-startStop-1] org.apache.catalina.core.AprLifecycleListener : The APR based Apache Tomcat Native library which allows optimal performance in production environments was not found on the java.library.path: [/usr/java/packages/lib/amd64:/usr/lib64:/lib64:/lib:/usr/lib]
11:31:02.708 INFO --- [localhost-startStop-1] org.apache.catalina.core.ContainerBase.[Tomcat].[localhost].[/demo] : Initializing Spring embedded WebApplicationContext
11:31:02.718 INFO --- [localhost-startStop-1] org.springframework.web.context.ContextLoader : Root WebApplicationContext: initialization completed in 4057 ms
11:31:02.791 INFO --- [localhost-startStop-1] org.springframework.boot.web.servlet.ServletRegistrationBean : Servlet dispatcherServlet mapped to [/]
11:31:02.797 INFO --- [localhost-startStop-1] org.springframework.boot.web.servlet.FilterRegistrationBean : Mapping filter: 'characterEncodingFilter' to: [/*]
11:31:02.798 INFO --- [localhost-startStop-1] org.springframework.boot.web.servlet.FilterRegistrationBean : Mapping filter: 'demoFilter' to: [/*]
11:31:03.132 INFO --- [restartedMain] org.springframework.orm.jpa.LocalContainerEntityManagerFactoryBean : Building JPA container EntityManagerFactory for persistence unit 'default'
11:31:03.156 INFO --- [restartedMain] org.hibernate.jpa.internal.util.LogHelper : HHH000204: Processing PersistenceUnitInfo [
	name: default
	...]
11:31:03.233 INFO --- [restartedMain] org.hibernate.Version : HHH000412: Hibernate Core {5.2.17.Final}
11:31:03.236 INFO --- [restartedMain] org.hibernate.cfg.Environment : HHH000206: hibernate.properties not found
11:31:03.293 INFO --- [restartedMain] org.hibernate.annotations.common.Version : HCANN000001: Hibernate Commons Annotations {5.0.1.Final}
11:31:03.412 INFO --- [restartedMain] com.zaxxer.hikari.HikariDataSource : HikariPool-1 - Starting...
11:31:03.674 INFO --- [restartedMain] com.zaxxer.hikari.HikariDataSource : HikariPool-1 - Start completed.
11:31:03.687 INFO --- [restartedMain] org.hibernate.dialect.Dialect : HHH000400: Using dialect: org.hibernate.dialect.MySQL5Dialect
11:31:04.059 INFO --- [restartedMain] org.springframework.orm.jpa.LocalContainerEntityManagerFactoryBean : Initialized JPA EntityManagerFactory for persistence unit 'default'
11:31:04.545 INFO --- [restartedMain] org.springframework.aop.framework.CglibAopProxy : Method [java.util.List springfox.documentation.schema.property.OptimizedModelPropertiesProvider.candidateProperties(com.fasterxml.classmate.ResolvedType,com.fasterxml.jackson.databind.introspect.AnnotatedMember,com.fasterxml.jackson.databind.introspect.BeanPropertyDefinition,springfox.documentation.spi.schema.contexts.ModelContext)] is package-visible across different ClassLoaders and cannot get proxied via CGLIB: Declare this method as public or protected if you need to support invocations through the proxy.
11:31:04.762 INFO --- [restartedMain] org.springframework.web.servlet.mvc.method.annotation.RequestMappingHandlerMapping : Mapped "{[/v2/api-docs],methods=[GET]}" onto public org.springframework.http.ResponseEntity<springfox.documentation.spring.web.json.Json> springfox.documentation.swagger2.web.Swagger2Controller.getDocumentation(java.lang.String)
11:31:04.766 INFO --- [restartedMain] org.springframework.web.servlet.mvc.method.annotation.RequestMappingHandlerMapping : Mapped "{[/swagger-resources]}" onto org.springframework.http.ResponseEntity<java.util.List<springfox.documentation.swagger.web.SwaggerResource>> springfox.documentation.swagger.web.ApiResourceController.swaggerResources()
11:31:04.767 INFO --- [restartedMain] org.springframework.web.servlet.mvc.method.annotation.RequestMappingHandlerMapping : Mapped "{[/configuration/security]}" onto org.springframework.http.ResponseEntity<springfox.documentation.swagger.web.SecurityConfiguration> springfox.documentation.swagger.web.ApiResourceController.securityConfiguration()
11:31:04.768 INFO --- [restartedMain] org.springframework.web.servlet.mvc.method.annotation.RequestMappingHandlerMapping : Mapped "{[/configuration/ui]}" onto org.springframework.http.ResponseEntity<springfox.documentation.swagger.web.UiConfiguration> springfox.documentation.swagger.web.ApiResourceController.uiConfiguration()
11:31:04.775 INFO --- [restartedMain] org.springframework.web.servlet.mvc.method.annotation.RequestMappingHandlerMapping : Mapped "{[/error],produces=[text/html]}" onto public org.springframework.web.servlet.ModelAndView org.springframework.boot.autoconfigure.web.servlet.error.BasicErrorController.errorHtml(javax.servlet.http.HttpServletRequest,javax.servlet.http.HttpServletResponse)
11:31:04.776 INFO --- [restartedMain] org.springframework.web.servlet.mvc.method.annotation.RequestMappingHandlerMapping : Mapped "{[/error]}" onto public org.springframework.http.ResponseEntity<java.util.Map<java.lang.String, java.lang.Object>> org.springframework.boot.autoconfigure.web.servlet.error.BasicErrorController.error(javax.servlet.http.HttpServletRequest)
11:31:04.985 INFO --- [restartedMain] org.springframework.web.servlet.handler.SimpleUrlHandlerMapping : Mapped URL path [/**] onto handler of type [class org.springframework.web.servlet.resource.ResourceHttpRequestHandler]
11:31:04.986 INFO --- [restartedMain] org.springframework.web.servlet.handler.SimpleUrlHandlerMapping : Mapped URL path [/swagger-ui.html] onto handler of type [class org.springframework.web.servlet.resource.ResourceHttpRequestHandler]
11:31:04.986 INFO --- [restartedMain] org.springframework.web.servlet.handler.SimpleUrlHandlerMapping : Mapped URL path [/webjars/**] onto handler of type [class org.springframework.web.servlet.resource.ResourceHttpRequestHandler]
11:31:05.081 INFO --- [restartedMain] org.springframework.web.servlet.mvc.method.annotation.RequestMappingHandlerAdapter : Looking for @ControllerAdvice: org.springframework.boot.web.servlet.context.AnnotationConfigServletWebServerApplicationContext@798e2229: startup date [Tue Aug 21 11:30:58 NPT 2018]; root of context hierarchy
11:31:05.336 WARN --- [restartedMain] org.springframework.boot.autoconfigure.orm.jpa.JpaBaseConfiguration$JpaWebConfiguration$JpaWebMvcConfiguration : spring.jpa.open-in-view is enabled by default. Therefore, database queries may be performed during view rendering. Explicitly configure spring.jpa.open-in-view to disable this warning
11:31:05.939 INFO --- [restartedMain] org.springframework.boot.devtools.autoconfigure.OptionalLiveReloadServer : LiveReload server is running on port 35729
11:31:06.019 INFO --- [restartedMain] org.springframework.jmx.export.annotation.AnnotationMBeanExporter : Registering beans for JMX exposure on startup
11:31:06.028 INFO --- [restartedMain] org.springframework.jmx.export.annotation.AnnotationMBeanExporter : Bean with name 'dataSource' has been autodetected for JMX exposure
11:31:06.047 INFO --- [restartedMain] org.springframework.jmx.export.annotation.AnnotationMBeanExporter : Located MBean 'dataSource': registering with JMX server as MBean [com.zaxxer.hikari:name=dataSource,type=HikariDataSource]
11:31:06.070 INFO --- [restartedMain] springfox.documentation.spring.web.plugins.DocumentationPluginsBootstrapper : Context refreshed
11:31:06.098 INFO --- [restartedMain] springfox.documentation.spring.web.plugins.DocumentationPluginsBootstrapper : Found {0} custom documentation plugin(s)
11:31:06.114 INFO --- [restartedMain] springfox.documentation.spring.web.scanners.ApiListingReferenceScanner : Scanning for api listing references
11:31:06.136 INFO --- [restartedMain] org.apache.coyote.http11.Http11NioProtocol : Starting ProtocolHandler ["http-nio-8088"]
11:31:06.142 INFO --- [restartedMain] org.apache.tomcat.util.net.NioSelectorPool : Using a shared selector for servlet write/read
11:31:06.180 INFO --- [restartedMain] org.springframework.boot.web.embedded.tomcat.TomcatWebServer : Tomcat started on port(s): 8088 (http) with context path '/demo'
11:31:06.188 INFO --- [restartedMain] com.test.example.demo.DemoApplication : Started DemoApplication in 8.225 seconds (JVM running for 8.898)
11:32:34.469 INFO --- [Thread-9] org.springframework.boot.web.servlet.context.AnnotationConfigServletWebServerApplicationContext : Closing org.springframework.boot.web.servlet.context.AnnotationConfigServletWebServerApplicationContext@798e2229: startup date [Tue Aug 21 11:30:58 NPT 2018]; root of context hierarchy
11:32:34.481 INFO --- [Thread-9] org.springframework.jmx.export.annotation.AnnotationMBeanExporter : Unregistering JMX-exposed beans on shutdown
11:32:34.482 INFO --- [Thread-9] org.springframework.jmx.export.annotation.AnnotationMBeanExporter : Unregistering JMX-exposed beans
11:32:34.486 INFO --- [Thread-9] org.springframework.orm.jpa.LocalContainerEntityManagerFactoryBean : Closing JPA EntityManagerFactory for persistence unit 'default'
11:32:34.488 INFO --- [Thread-9] com.zaxxer.hikari.HikariDataSource : HikariPool-1 - Shutdown initiated...
11:32:34.496 INFO --- [Thread-9] com.zaxxer.hikari.HikariDataSource : HikariPool-1 - Shutdown completed.
